Program Z:\ADMINSP\FOXPRO2\CONSEJO\CO000.PRG has the following errors:
    Proc./Func. COMRU - Undefined

Program Z:\ADMINSP\FOXPRO2\CONSEJO\SPAL.PRG has the following errors:
    Proc./Func. SPALC1 - Undefined

Program Z:\ADMINSP\FOXPRO2\CONSEJO\ASAL.PRG has the following errors:
    Proc./Func. ASALU - Undefined
    Proc./Func. ASALGMD - Undefined

Program Z:\ADMINSP\FOXPRO2\CONSEJO\THAA.PRG has the following errors:
    Proc./Func. THAAT - Undefined

Program Z:\ADMINSP\FOXPRO2\CONSEJO\THAC.PRG has the following errors:
    Proc./Func. THACP - Undefined
    Proc./Func. THACT - Undefined

Program Z:\ADMINSP\FOXPRO2\CONSEJO\THAL.PRG has the following errors:
    Proc./Func. THALG - Undefined
    Proc./Func. THALG2 - Undefined
    Proc./Func. THALT - Undefined

Program Z:\ADMINSP\FOXPRO2\CONSEJO\THAAP.PRG has the following errors:
    Proc./Func. THGRESOS - Undefined
    Proc./Func. THRSONAL - Undefined
    Proc./Func. THRSOS - Undefined
    Proc./Func. THOBSER - Undefined

